96.01.22 16:17 B C:\WEBPAGE\IMAGE\vanhalen.gif --> ftp-www.earthlink.net /webdocs vanhalen.gif
96.01.22 16:17 B C:\WEBPAGE\IMAGE\vn.gif --> ftp-www.earthlink.net /webdocs vn.gif
96.01.22 16:17 B C:\WEBPAGE\IMAGE\zigzag.gif --> ftp-www.earthlink.net /webdocs zigzag.gif
96.04.28 00:55 B C:\WEBPAGE\EARTHLNK\1home.gif --> ftp-www.earthlink.net /webdocs 1home.gif
96.04.28 00:55 B C:\WEBPAGE\EARTHLNK\av.gif --> ftp-www.earthlink.net /webdocs av.gif
96.04.28 00:56 B C:\WEBPAGE\EARTHLNK\awlogo.gif --> ftp-www.earthlink.net /webdocs awlogo.gif
96.04.28 00:56 B C:\WEBPAGE\EARTHLNK\bands.bak --> ftp-www.earthlink.net /webdocs bands.bak
96.04.28 00:56 B C:\WEBPAGE\EARTHLNK\bands.htm --> ftp-www.earthlink.net /webdocs bands.htm
96.04.28 00:56 B C:\WEBPAGE\EARTHLNK\beavis.gif --> ftp-www.earthlink.net /webdocs beavis.gif
96.04.28 00:56 B C:\WEBPAGE\EARTHLNK\bikealg2.gif --> ftp-www.earthlink.net /webdocs bikealg2.gif
96.04.28 00:56 B C:\WEBPAGE\EARTHLNK\biking.bak --> ftp-www.earthlink.net /webdocs biking.bak
96.04.28 00:56 B C:\WEBPAGE\EARTHLNK\biking.htm --> ftp-www.earthlink.net /webdocs biking.htm
96.04.28 00:57 B C:\WEBPAGE\EARTHLNK\bmf-oval.gif --> ftp-www.earthlink.net /webdocs bmf-oval.gif
96.04.28 00:57 B C:\WEBPAGE\EARTHLNK\bookmark.bak --> ftp-www.earthlink.net /webdocs bookmark.bak
96.04.28 00:57 B C:\WEBPAGE\EARTHLNK\bookmark.gif --> ftp-www.earthlink.net /webdocs bookmark.gif
96.04.28 00:57 B C:\WEBPAGE\EARTHLNK\bookmark.htm --> ftp-www.earthlink.net /webdocs bookmark.htm
96.04.28 00:59 B C:\WEBPAGE\EARTHLNK\brady.au --> ftp-www.earthlink.net /webdocs brady.au
96.04.28 00:59 B C:\WEBPAGE\EARTHLNK\butthead.gif --> ftp-www.earthlink.net /webdocs butthead.gif
96.04.28 00:59 B C:\WEBPAGE\EARTHLNK\chitz.gif --> ftp-www.earthlink.net /webdocs chitz.gif
96.04.28 00:59 B C:\WEBPAGE\EARTHLNK\constrc2.gif --> ftp-www.earthlink.net /webdocs constrc2.gif
96.04.28 00:59 B C:\WEBPAGE\EARTHLNK\construc.gif --> ftp-www.earthlink.net /webdocs construc.gif
96.04.28 01:00 B C:\WEBPAGE\EARTHLNK\dmb.gif --> ftp-www.earthlink.net /webdocs dmb.gif
96.04.28 01:00 B C:\WEBPAGE\EARTHLNK\e1.gif --> ftp-www.earthlink.net /webdocs e1.gif
96.04.28 01:00 B C:\WEBPAGE\EARTHLNK\emailed.gif --> ftp-www.earthlink.net /webdocs emailed.gif
96.04.28 01:00 B C:\WEBPAGE\EARTHLNK\flock.gif --> ftp-www.earthlink.net /webdocs flock.gif
96.04.28 01:00 B C:\WEBPAGE\EARTHLNK\fun_bak.gif --> ftp-www.earthlink.net /webdocs fun_bak.gif
96.04.28 01:00 B C:\WEBPAGE\EARTHLNK\hacking.bak --> ftp-www.earthlink.net /webdocs hacking.bak
96.04.28 01:01 B C:\WEBPAGE\EARTHLNK\hacking.gif --> ftp-www.earthlink.net /webdocs hacking.gif
96.04.28 01:01 B C:\WEBPAGE\EARTHLNK\hacking.htm --> ftp-www.earthlink.net /webdocs hacking.htm
96.04.28 01:01 B C:\WEBPAGE\EARTHLNK\happy.gif --> ftp-www.earthlink.net /webdocs happy.gif
96.04.28 01:01 B C:\WEBPAGE\EARTHLNK\home.gif --> ftp-www.earthlink.net /webdocs home.gif
96.04.28 01:01 B C:\WEBPAGE\EARTHLNK\index.bak --> ftp-www.earthlink.net /webdocs index.bak
96.04.28 01:01 B C:\WEBPAGE\EARTHLNK\index.htm --> ftp-www.earthlink.net /webdocs index.htm
96.04.28 01:01 B C:\WEBPAGE\EARTHLNK\iuma.gif --> ftp-www.earthlink.net /webdocs iuma.gif
96.04.28 01:02 B C:\WEBPAGE\EARTHLNK\justfun.gif --> ftp-www.earthlink.net /webdocs justfun.gif
96.04.28 01:02 B C:\WEBPAGE\EARTHLNK\kroq.gif --> ftp-www.earthlink.net /webdocs kroq.gif
96.04.28 01:02 B C:\WEBPAGE\EARTHLNK\logo.gif --> ftp-www.earthlink.net /webdocs logo.gif
96.04.28 01:02 B C:\WEBPAGE\EARTHLNK\m.gif --> ftp-www.earthlink.net /webdocs m.gif
96.04.28 01:03 B C:\WEBPAGE\EARTHLNK\makeitso.gif --> ftp-www.earthlink.net /webdocs makeitso.gif
96.04.28 01:03 B C:\WEBPAGE\EARTHLNK\marble.gif --> ftp-www.earthlink.net /webdocs marble.gif
96.04.28 01:03 B C:\WEBPAGE\EARTHLNK\mtbike.gif --> ftp-www.earthlink.net /webdocs mtbike.gif
96.04.28 01:03 B C:\WEBPAGE\EARTHLNK\mtbprolo.gif --> ftp-www.earthlink.net /webdocs mtbprolo.gif
96.04.28 01:03 B C:\WEBPAGE\EARTHLNK\mtv.gif --> ftp-www.earthlink.net /webdocs mtv.gif
96.04.28 01:03 B C:\WEBPAGE\EARTHLNK\music.gif --> ftp-www.earthlink.net /webdocs music.gif
96.04.28 01:03 B C:\WEBPAGE\EARTHLNK\natr_bak.gif --> ftp-www.earthlink.net /webdocs natr_bak.gif
96.04.28 01:03 B C:\WEBPAGE\EARTHLNK\nature.gif --> ftp-www.earthlink.net /webdocs nature.gif
96.04.28 01:03 B C:\WEBPAGE\EARTHLNK\nin.gif --> ftp-www.earthlink.net /webdocs nin.gif
96.04.28 01:03 B C:\WEBPAGE\EARTHLNK\note.gif --> ftp-www.earthlink.net /webdocs note.gif
96.04.28 01:04 B C:\WEBPAGE\EARTHLNK\now.gif --> ftp-www.earthlink.net /webdocs now.gif
96.04.28 01:04 B C:\WEBPAGE\EARTHLNK\ob_email.gif --> ftp-www.earthlink.net /webdocs ob_email.gif
96.04.28 01:04 B C:\WEBPAGE\EARTHLNK\picard.gif --> ftp-www.earthlink.net /webdocs picard.gif
96.04.28 01:05 B C:\WEBPAGE\EARTHLNK\pspbrwse.jbf --> ftp-www.earthlink.net /webdocs pspbrwse.jbf
96.04.28 01:05 B C:\WEBPAGE\EARTHLNK\rainbowl.gif --> ftp-www.earthlink.net /webdocs rainbowl.gif
96.04.28 01:05 B C:\WEBPAGE\EARTHLNK\rwilogos.gif --> ftp-www.earthlink.net /webdocs rwilogos.gif
96.04.28 01:05 B C:\WEBPAGE\EARTHLNK\sboard.gif --> ftp-www.earthlink.net /webdocs sboard.gif
96.04.28 01:05 B C:\WEBPAGE\EARTHLNK\snowbord.bak --> ftp-www.earthlink.net /webdocs snowbord.bak
96.04.28 01:05 B C:\WEBPAGE\EARTHLNK\snowbord.htm --> ftp-www.earthlink.net /webdocs snowbord.htm
96.04.28 01:06 B C:\WEBPAGE\EARTHLNK\splash.gif --> ftp-www.earthlink.net /webdocs splash.gif
96.04.28 01:06 B C:\WEBPAGE\EARTHLNK\startrek.htm --> ftp-www.earthlink.net /webdocs startrek.htm
96.04.28 01:08 B C:\WEBPAGE\EARTHLNK\sttng.gif --> ftp-www.earthlink.net /webdocs sttng.gif
96.04.28 01:08 B C:\WEBPAGE\EARTHLNK\sttng2.gif --> ftp-www.earthlink.net /webdocs sttng2.gif
96.04.28 01:08 B C:\WEBPAGE\EARTHLNK\sttnglgo.gif --> ftp-www.earthlink.net /webdocs sttnglgo.gif
96.04.28 01:08 B C:\WEBPAGE\EARTHLNK\tech_bak.gif --> ftp-www.earthlink.net /webdocs tech_bak.gif
96.04.28 01:09 B C:\WEBPAGE\EARTHLNK\techwrld.gif --> ftp-www.earthlink.net /webdocs techwrld.gif
96.04.28 01:09 B C:\WEBPAGE\EARTHLNK\vanhalen.gif --> ftp-www.earthlink.net /webdocs vanhalen.gif
96.04.28 01:09 B C:\WEBPAGE\EARTHLNK\vn.gif --> ftp-www.earthlink.net /webdocs vn.gif
